<?xml version="1.0" encoding="UTF-8"?>
<testng-results ignored="0" total="1" passed="1" failed="0" skipped="0">
  <reporter-output>
  </reporter-output>
  <suite started-at="2024-08-19T15:01:33 IST" name="Default suite" finished-at="2024-08-19T15:01:49 IST" duration-ms="16625">
    <groups>
    </groups>
    <test started-at="2024-08-19T15:01:33 IST" name="Default test" finished-at="2024-08-19T15:01:49 IST" duration-ms="16625">
      <class name="TestNG.Test">
        <test-method is-config="true" signature="start()[pri:0, instance:TestNG.Test@173ed316]" started-at="2024-08-19T15:01:33 IST" name="start" finished-at="2024-08-19T15:01:41 IST" duration-ms="8809" status="PASS">
          <reporter-output>
          </reporter-output>
        </test-method> <!-- start -->
        <test-method signature="main1()[pri:0, instance:TestNG.Test@173ed316]" started-at="2024-08-19T15:01:41 IST" name="main1" finished-at="2024-08-19T15:01:46 IST" duration-ms="4416" status="PASS">
          <reporter-output>
          </reporter-output>
        </test-method> <!-- main1 -->
        <test-method is-config="true" signature="teardown()[pri:0, instance:TestNG.Test@173ed316]" started-at="2024-08-19T15:01:46 IST" name="teardown" finished-at="2024-08-19T15:01:49 IST" duration-ms="3337" status="PASS">
          <reporter-output>
          </reporter-output>
        </test-method> <!-- teardown -->
      </class> <!-- TestNG.Test -->
    </test> <!-- Default test -->
  </suite> <!-- Default suite -->
</testng-results>
